
11월 10, 2020 08:43:03.130 NEW SESSION
11월 10, 2020 08:43:03.130 [1110/084303.126:ERROR:directory_reader_win.cc(43)] FindFirstFile: 지정된 경로를 찾을 수 없습니다. (0x3)
11월 10, 2020 10:31:17.530 [1110/103117.529:ERROR:directory_reader_win.cc(43)] FindFirstFile: 지정된 경로를 찾을 수 없습니다. (0x3)
11월 10, 2020 14:35:23.526 [13364:12476:1110/143523.525:ERROR:CONSOLE(1)] "URIError: URI malformed URIError: URI malformed
11월 10, 2020 14:35:23.526     at decodeURI (<anonymous>)
11월 10, 2020 14:35:23.527     at ae._createBinding (devtools://devtools/bundled/persistence/persistence.js:1:34646)
11월 10, 2020 14:35:23.527     at ae._computeNetworkStatus (devtools://devtools/bundled/persistence/persistence.js:1:32358)
11월 10, 2020 14:35:23.527     at ae._onUISourceCodeAdded (devtools://devtools/bundled/persistence/persistence.js:1:31471)
11월 10, 2020 14:35:23.527     at devtools://devtools/bundled/persistence/persistence.js:1:29584
11월 10, 2020 14:35:23.527     at m.dispatchEventToListeners (devtools://devtools/bundled/common/common.js:1:14803)
11월 10, 2020 14:35:23.527     at P.addUISourceCode (devtools://devtools/bundled/workspace/workspace.js:1:5162)
11월 10, 2020 14:35:23.527     at P.addUISourceCodeWithProvider (devtools://devtools/bundled/bindings/bindings.js:1:7942)
11월 10, 2020 14:35:23.528     at new ke (devtools://devtools/bundled/bindings/bindings.js:1:44889)
11월 10, 2020 14:35:23.528     at ye._resourceAdded (devtools://devtools/bundled/bindings/bindings.js:1:43981)", source: devtools://devtools/bundled/host/host.js (1)
11월 10, 2020 14:35:54.805 [13364:12476:1110/143554.804:ERROR:CONSOLE(0)] "TypeError: Cannot read property 'isAnonymousInlineStyleSheet' of null", source:  (0)
11월 10, 2020 14:39:15.313 [13364:12476:1110/143915.313:ERROR:CONSOLE(1)] "URIError: URI malformed URIError: URI malformed
11월 10, 2020 14:39:15.314     at decodeURI (<anonymous>)
11월 10, 2020 14:39:15.314     at ae._createBinding (devtools://devtools/bundled/persistence/persistence.js:1:34646)
11월 10, 2020 14:39:15.314     at ae._computeNetworkStatus (devtools://devtools/bundled/persistence/persistence.js:1:32358)
11월 10, 2020 14:39:15.314     at ae._onUISourceCodeAdded (devtools://devtools/bundled/persistence/persistence.js:1:31471)
11월 10, 2020 14:39:15.314     at devtools://devtools/bundled/persistence/persistence.js:1:29584
11월 10, 2020 14:39:15.314     at m.dispatchEventToListeners (devtools://devtools/bundled/common/common.js:1:14803)
11월 10, 2020 14:39:15.315     at P.addUISourceCode (devtools://devtools/bundled/workspace/workspace.js:1:5162)
11월 10, 2020 14:39:15.315     at P.addUISourceCodeWithProvider (devtools://devtools/bundled/bindings/bindings.js:1:7942)
11월 10, 2020 14:39:15.315     at new ke (devtools://devtools/bundled/bindings/bindings.js:1:44889)
11월 10, 2020 14:39:15.315     at ye._resourceAdded (devtools://devtools/bundled/bindings/bindings.js:1:43981)", source: devtools://devtools/bundled/host/host.js (1)
11월 10, 2020 14:39:51.231 [13364:12476:1110/143951.231:ERROR:CONSOLE(0)] "URIError: URI malformed", source:  (0)
11월 10, 2020 17:24:59.947 [13364:12476:1110/172459.942:ERROR:CONSOLE(0)] "TypeError: Cannot read property 'isAnonymousInlineStyleSheet' of null", source:  (0)
11월 10, 2020 17:25:20.739 [13364:12476:1110/172520.739:ERROR:CONSOLE(0)] "TypeError: Cannot read property 'isAnonymousInlineStyleSheet' of null", source:  (0)

12월 02, 2020 12:45:23.636 NEW SESSION
12월 02, 2020 12:45:23.636 [1202/124523.627:ERROR:directory_reader_win.cc(43)] FindFirstFile: 지정된 경로를 찾을 수 없습니다. (0x3)

12월 03, 2020 13:13:11.69 NEW SESSION
12월 03, 2020 13:13:11.69 [1203/131311.055:ERROR:directory_reader_win.cc(43)] FindFirstFile: 지정된 경로를 찾을 수 없습니다. (0x3)
